2019-06-14 10:47:30.973 INFO  (main) [   ] o.e.j.u.log Logging initialized @1730ms to org.eclipse.jetty.util.log.Slf4jLog
2019-06-14 10:47:31.307 WARN  (main) [   ] o.e.j.s.AbstractConnector Ignoring deprecated socket close linger time
2019-06-14 10:47:31.320 INFO  (main) [   ] o.e.j.s.Server jetty-9.4.14.v20181114; built: 2018-11-14T21:20:31.478Z; git: c4550056e785fb5665914545889f21dc136ad9e6; jvm 1.8.0_201-b09
2019-06-14 10:47:31.367 INFO  (main) [   ] o.e.j.d.p.ScanningAppProvider Deployment monitor [file:///D:/Sem%207/DataMining/solr-7.7.2/server/contexts/] at interval 0
2019-06-14 10:47:32.280 INFO  (main) [   ] o.e.j.w.StandardDescriptorProcessor NO JSP Support for /solr, did not find org.apache.jasper.servlet.JspServlet
2019-06-14 10:47:32.408 INFO  (main) [   ] o.e.j.s.session DefaultSessionIdManager workerName=node0
2019-06-14 10:47:32.408 INFO  (main) [   ] o.e.j.s.session No SessionScavenger set, using defaults
2019-06-14 10:47:32.423 INFO  (main) [   ] o.e.j.s.session node0 Scavenging every 660000ms
2019-06-14 10:47:32.548 INFO  (main) [   ] o.a.s.s.SolrDispatchFilter Using logger factory org.apache.logging.slf4j.Log4jLoggerFactory
2019-06-14 10:47:32.548 INFO  (main) [   ] o.a.s.s.SolrDispatchFilter  ___      _       Welcome to Apache Solr™ version 7.7.2
2019-06-14 10:47:32.548 INFO  (main) [   ] o.a.s.s.SolrDispatchFilter / __| ___| |_ _   Starting in standalone mode on port 8983
2019-06-14 10:47:32.548 INFO  (main) [   ] o.a.s.s.SolrDispatchFilter \__ \/ _ \ | '_|  Install dir: D:\Sem 7\DataMining\solr-7.7.2
2019-06-14 10:47:32.548 INFO  (main) [   ] o.a.s.s.SolrDispatchFilter |___/\___/_|_|    Start time: 2019-06-14T10:47:32.548Z
2019-06-14 10:47:32.595 INFO  (main) [   ] o.a.s.c.SolrResourceLoader Using system property solr.solr.home: D:\Sem 7\DataMining\solr-7.7.2\example\techproducts\solr
2019-06-14 10:47:32.611 INFO  (main) [   ] o.a.s.c.SolrXmlConfig Loading container configuration from D:\Sem 7\DataMining\solr-7.7.2\example\techproducts\solr\solr.xml
2019-06-14 10:47:32.704 INFO  (main) [   ] o.a.s.c.SolrXmlConfig MBean server found: com.sun.jmx.mbeanserver.JmxMBeanServer@6b0c2d26, but no JMX reporters were configured - adding default JMX reporter.
2019-06-14 10:47:33.378 INFO  (main) [   ] o.a.s.h.c.HttpShardHandlerFactory Host whitelist initialized: WhitelistHostChecker [whitelistHosts=null, whitelistHostCheckingEnabled=true]
2019-06-14 10:47:34.366 INFO  (main) [   ] o.a.s.c.TransientSolrCoreCacheDefault Allocating transient cache for 2147483647 transient cores
2019-06-14 10:47:34.382 INFO  (main) [   ] o.a.s.h.a.MetricsHistoryHandler No .system collection, keeping metrics history in memory.
2019-06-14 10:47:34.558 INFO  (main) [   ] o.a.s.m.r.SolrJmxReporter JMX monitoring for 'solr.node' (registry 'solr.node') enabled at server: com.sun.jmx.mbeanserver.JmxMBeanServer@6b0c2d26
2019-06-14 10:47:34.558 INFO  (main) [   ] o.a.s.m.r.SolrJmxReporter JMX monitoring for 'solr.jvm' (registry 'solr.jvm') enabled at server: com.sun.jmx.mbeanserver.JmxMBeanServer@6b0c2d26
2019-06-14 10:47:34.593 INFO  (main) [   ] o.a.s.m.r.SolrJmxReporter JMX monitoring for 'solr.jetty' (registry 'solr.jetty') enabled at server: com.sun.jmx.mbeanserver.JmxMBeanServer@6b0c2d26
2019-06-14 10:47:34.799 INFO  (main) [   ] o.a.s.c.CorePropertiesLocator Found 1 core definitions underneath D:\Sem 7\DataMining\solr-7.7.2\example\techproducts\solr
2019-06-14 10:47:34.800 INFO  (main) [   ] o.a.s.c.CorePropertiesLocator Cores are: [techproducts]
2019-06-14 10:47:35.254 INFO  (coreLoadExecutor-9-thread-1) [   x:techproducts] o.a.s.c.SolrResourceLoader [techproducts] Added 59 libs to classloader, from paths: [/D:/Sem%207/DataMining/solr-7.7.2/contrib/clustering/lib, /D:/Sem%207/DataMining/solr-7.7.2/contrib/extraction/lib, /D:/Sem%207/DataMining/solr-7.7.2/contrib/langid/lib, /D:/Sem%207/DataMining/solr-7.7.2/contrib/velocity/lib, /D:/Sem%207/DataMining/solr-7.7.2/dist]
2019-06-14 10:47:35.434 INFO  (main) [   ] o.e.j.s.h.ContextHandler Started o.e.j.w.WebAppContext@71e9ddb4{/solr,file:///D:/Sem%207/DataMining/solr-7.7.2/server/solr-webapp/webapp/,AVAILABLE}{D:\Sem 7\DataMining\solr-7.7.2\server/solr-webapp/webapp}
2019-06-14 10:47:35.449 INFO  (main) [   ] o.e.j.s.AbstractConnector Started ServerConnector@6b9ce1bf{HTTP/1.1,[http/1.1]}{0.0.0.0:8983}
2019-06-14 10:47:35.449 INFO  (main) [   ] o.e.j.s.Server Started @6221ms
2019-06-14 10:47:37.110 INFO  (qtp802600647-14) [   ] o.a.s.s.HttpSolrCall [admin] webapp=null path=/admin/cores params={indexInfo=false&wt=json&_=1560509256669} status=0 QTime=55
2019-06-14 10:47:37.110 INFO  (qtp802600647-21) [   ] o.a.s.s.HttpSolrCall [admin] webapp=null path=/admin/cores params={wt=json&_=1560509256669} status=0 QTime=48
2019-06-14 10:47:37.151 INFO  (qtp802600647-15) [   ] o.a.s.s.HttpSolrCall [admin] webapp=null path=/admin/info/system params={wt=json&_=1560509256670} status=0 QTime=95
2019-06-14 10:47:38.740 INFO  (qtp802600647-19) [   ] o.a.s.s.HttpSolrCall [admin] webapp=null path=/admin/info/system params={wt=json} status=0 QTime=17
2019-06-14 10:47:39.532 INFO  (qtp802600647-21) [   ] o.a.s.s.HttpSolrCall [admin] webapp=null path=/admin/info/system params={wt=json} status=0 QTime=20
2019-06-14 10:47:39.562 INFO  (qtp802600647-19) [   x:techproducts] o.a.s.s.HttpSolrCall [admin] webapp=null path=/admin/cores params={core=techproducts&action=STATUS&wt=json} status=0 QTime=0
2019-06-14 10:47:40.580 INFO  (qtp802600647-21) [   x:techproducts] o.a.s.s.HttpSolrCall [admin] webapp=null path=/admin/cores params={core=techproducts&action=STATUS&wt=json} status=0 QTime=0
2019-06-14 10:47:41.583 INFO  (qtp802600647-19) [   x:techproducts] o.a.s.s.HttpSolrCall [admin] webapp=null path=/admin/cores params={core=techproducts&action=STATUS&wt=json} status=0 QTime=0
2019-06-14 10:47:42.588 INFO  (qtp802600647-21) [   x:techproducts] o.a.s.s.HttpSolrCall [admin] webapp=null path=/admin/cores params={core=techproducts&action=STATUS&wt=json} status=0 QTime=0
2019-06-14 10:47:43.600 INFO  (qtp802600647-19) [   x:techproducts] o.a.s.s.HttpSolrCall [admin] webapp=null path=/admin/cores params={core=techproducts&action=STATUS&wt=json} status=0 QTime=0
2019-06-14 10:47:43.782 INFO  (coreLoadExecutor-9-thread-1) [   x:techproducts] o.a.s.u.SolrIndexConfig IndexWriter infoStream solr logging is enabled
2019-06-14 10:47:43.788 INFO  (coreLoadExecutor-9-thread-1) [   x:techproducts] o.a.s.c.SolrConfig Using Lucene MatchVersion: 7.7.2
2019-06-14 10:47:44.098 INFO  (coreLoadExecutor-9-thread-1) [   x:techproducts] o.a.s.s.IndexSchema [techproducts] Schema name=example
2019-06-14 10:47:44.604 INFO  (qtp802600647-21) [   x:techproducts] o.a.s.s.HttpSolrCall [admin] webapp=null path=/admin/cores params={core=techproducts&action=STATUS&wt=json} status=0 QTime=0
2019-06-14 10:47:45.612 INFO  (qtp802600647-19) [   x:techproducts] o.a.s.s.HttpSolrCall [admin] webapp=null path=/admin/cores params={core=techproducts&action=STATUS&wt=json} status=0 QTime=0
2019-06-14 10:47:46.617 INFO  (qtp802600647-21) [   x:techproducts] o.a.s.s.HttpSolrCall [admin] webapp=null path=/admin/cores params={core=techproducts&action=STATUS&wt=json} status=0 QTime=0
2019-06-14 10:47:47.623 INFO  (qtp802600647-19) [   x:techproducts] o.a.s.s.HttpSolrCall [admin] webapp=null path=/admin/cores params={core=techproducts&action=STATUS&wt=json} status=0 QTime=0
2019-06-14 10:47:47.989 INFO  (coreLoadExecutor-9-thread-1) [   x:techproducts] o.a.s.r.RestManager Registered ManagedResource impl org.apache.solr.rest.schema.analysis.ManagedWordSetResource for path /schema/analysis/stopwords/english
2019-06-14 10:47:47.995 INFO  (coreLoadExecutor-9-thread-1) [   x:techproducts] o.a.s.r.RestManager Registered ManagedResource impl org.apache.solr.rest.schema.analysis.ManagedSynonymGraphFilterFactory$SynonymManager for path /schema/analysis/synonyms/english
2019-06-14 10:47:48.000 INFO  (coreLoadExecutor-9-thread-1) [   x:techproducts] o.a.s.r.RestManager Added observer of type org.apache.solr.rest.schema.analysis.ManagedStopFilterFactory to existing ManagedResource /schema/analysis/stopwords/english
2019-06-14 10:47:48.000 INFO  (coreLoadExecutor-9-thread-1) [   x:techproducts] o.a.s.r.RestManager Added observer of type org.apache.solr.rest.schema.analysis.ManagedSynonymGraphFilterFactory to existing ManagedResource /schema/analysis/synonyms/english
2019-06-14 10:47:48.096 INFO  (qtp802600647-21) [   ] o.a.s.s.HttpSolrCall [admin] webapp=null path=/admin/cores params={indexInfo=false&wt=json&_=1560509267754} status=0 QTime=0
2019-06-14 10:47:48.168 INFO  (qtp802600647-21) [   ] o.a.s.s.HttpSolrCall [admin] webapp=null path=/admin/info/system params={wt=json&_=1560509267754} status=0 QTime=67
2019-06-14 10:47:48.168 INFO  (qtp802600647-19) [   ] o.a.s.s.HttpSolrCall [admin] webapp=null path=/admin/info/system params={wt=json&_=1560509267754} status=0 QTime=66
2019-06-14 10:47:48.289 INFO  (coreLoadExecutor-9-thread-1) [   x:techproducts] o.a.s.s.IndexSchema Loaded schema example/1.6 with uniqueid field id
2019-06-14 10:47:48.290 INFO  (coreLoadExecutor-9-thread-1) [   x:techproducts] o.a.s.r.RestManager Added observer of type org.apache.solr.rest.schema.analysis.ManagedStopFilterFactory to existing ManagedResource /schema/analysis/stopwords/english
2019-06-14 10:47:48.290 INFO  (coreLoadExecutor-9-thread-1) [   x:techproducts] o.a.s.r.RestManager Added observer of type org.apache.solr.rest.schema.analysis.ManagedSynonymGraphFilterFactory to existing ManagedResource /schema/analysis/synonyms/english
2019-06-14 10:47:48.291 INFO  (coreLoadExecutor-9-thread-1) [   x:techproducts] o.a.s.r.RestManager Added observer of type org.apache.solr.rest.schema.analysis.ManagedStopFilterFactory to existing ManagedResource /schema/analysis/stopwords/english
2019-06-14 10:47:48.291 INFO  (coreLoadExecutor-9-thread-1) [   x:techproducts] o.a.s.r.RestManager Added observer of type org.apache.solr.rest.schema.analysis.ManagedSynonymGraphFilterFactory to existing ManagedResource /schema/analysis/synonyms/english
2019-06-14 10:47:48.504 INFO  (coreLoadExecutor-9-thread-1) [   x:techproducts] o.a.s.c.CoreContainer Creating SolrCore 'techproducts' using configuration from instancedir D:\Sem 7\DataMining\solr-7.7.2\example\techproducts\solr\techproducts, trusted=true
2019-06-14 10:47:48.543 INFO  (coreLoadExecutor-9-thread-1) [   x:techproducts] o.a.s.m.r.SolrJmxReporter JMX monitoring for 'solr.core.techproducts' (registry 'solr.core.techproducts') enabled at server: com.sun.jmx.mbeanserver.JmxMBeanServer@6b0c2d26
2019-06-14 10:47:48.637 INFO  (qtp802600647-22) [   x:techproducts] o.a.s.s.HttpSolrCall [admin] webapp=null path=/admin/cores params={core=techproducts&action=STATUS&wt=json} status=0 QTime=0
2019-06-14 10:47:48.653 INFO  (coreLoadExecutor-9-thread-1) [   x:techproducts] o.a.s.c.SolrCore [[techproducts] ] Opening new SolrCore at [D:\Sem 7\DataMining\solr-7.7.2\example\techproducts\solr\techproducts], dataDir=[D:\Sem 7\DataMining\solr-7.7.2\example\techproducts\solr\techproducts\data\]
2019-06-14 10:47:48.937 INFO  (coreLoadExecutor-9-thread-1) [   x:techproducts] o.a.s.r.XSLTResponseWriter xsltCacheLifetimeSeconds=5
2019-06-14 10:47:49.642 INFO  (qtp802600647-18) [   x:techproducts] o.a.s.s.HttpSolrCall [admin] webapp=null path=/admin/cores params={core=techproducts&action=STATUS&wt=json} status=0 QTime=0
2019-06-14 10:47:49.736 INFO  (coreLoadExecutor-9-thread-1) [   x:techproducts] o.a.s.u.UpdateHandler Using UpdateLog implementation: org.apache.solr.update.UpdateLog
2019-06-14 10:47:49.738 INFO  (coreLoadExecutor-9-thread-1) [   x:techproducts] o.a.s.u.UpdateLog Initializing UpdateLog: dataDir= defaultSyncLevel=FLUSH numRecordsToKeep=100 maxNumLogsToKeep=10 numVersionBuckets=65536
2019-06-14 10:47:49.783 INFO  (coreLoadExecutor-9-thread-1) [   x:techproducts] o.a.s.u.CommitTracker Hard AutoCommit: if uncommitted for 15000ms; 
2019-06-14 10:47:49.783 INFO  (coreLoadExecutor-9-thread-1) [   x:techproducts] o.a.s.u.CommitTracker Soft AutoCommit: disabled
2019-06-14 10:47:50.364 INFO  (coreLoadExecutor-9-thread-1) [   x:techproducts] o.a.s.s.SolrIndexSearcher Opening [Searcher@1be71610[techproducts] main]
2019-06-14 10:47:50.458 INFO  (coreLoadExecutor-9-thread-1) [   x:techproducts] o.a.s.r.ManagedResourceStorage File-based storage initialized to use dir: D:\Sem 7\DataMining\solr-7.7.2\example\techproducts\solr\techproducts\conf
2019-06-14 10:47:50.474 INFO  (coreLoadExecutor-9-thread-1) [   x:techproducts] o.a.s.r.ManagedResourceStorage Loaded LinkedHashMap at path _rest_managed.json using file:dir=D:\Sem 7\DataMining\solr-7.7.2\example\techproducts\solr\techproducts\conf
2019-06-14 10:47:50.474 INFO  (coreLoadExecutor-9-thread-1) [   x:techproducts] o.a.s.r.ManagedResource Loaded initArgs {} for /rest/managed
2019-06-14 10:47:50.489 INFO  (coreLoadExecutor-9-thread-1) [   x:techproducts] o.a.s.r.ManagedResourceStorage Loaded LinkedHashMap at path _schema_analysis_stopwords_english.json using file:dir=D:\Sem 7\DataMining\solr-7.7.2\example\techproducts\solr\techproducts\conf
2019-06-14 10:47:50.489 INFO  (coreLoadExecutor-9-thread-1) [   x:techproducts] o.a.s.r.ManagedResource Loaded initArgs {ignoreCase=true} for /schema/analysis/stopwords/english
2019-06-14 10:47:50.489 INFO  (coreLoadExecutor-9-thread-1) [   x:techproducts] o.a.s.r.s.a.ManagedWordSetResource Loaded 35 words for /schema/analysis/stopwords/english
2019-06-14 10:47:50.489 INFO  (coreLoadExecutor-9-thread-1) [   x:techproducts] o.a.s.r.ManagedResource Notified 4 observers of /schema/analysis/stopwords/english
2019-06-14 10:47:50.489 INFO  (coreLoadExecutor-9-thread-1) [   x:techproducts] o.a.s.r.ManagedResourceStorage Loaded LinkedHashMap at path _schema_analysis_synonyms_english.json using file:dir=D:\Sem 7\DataMining\solr-7.7.2\example\techproducts\solr\techproducts\conf
2019-06-14 10:47:50.489 INFO  (coreLoadExecutor-9-thread-1) [   x:techproducts] o.a.s.r.ManagedResource Loaded initArgs {ignoreCase=true,format=solr} for /schema/analysis/synonyms/english
2019-06-14 10:47:50.489 INFO  (coreLoadExecutor-9-thread-1) [   x:techproducts] o.a.s.r.s.a.ManagedSynonymGraphFilterFactory Loaded 3 synonym mappings for /schema/analysis/synonyms/english
2019-06-14 10:47:50.489 INFO  (coreLoadExecutor-9-thread-1) [   x:techproducts] o.a.s.r.ManagedResource Notified 4 observers of /schema/analysis/synonyms/english
2019-06-14 10:47:50.521 INFO  (coreLoadExecutor-9-thread-1) [   x:techproducts] o.a.s.h.c.SpellCheckComponent Initializing spell checkers
2019-06-14 10:47:50.552 INFO  (coreLoadExecutor-9-thread-1) [   x:techproducts] o.a.s.s.DirectSolrSpellChecker init: {name=default,field=text,classname=solr.DirectSolrSpellChecker,distanceMeasure=internal,accuracy=0.5,maxEdits=2,minPrefix=1,maxInspections=5,minQueryLength=4,maxQueryFrequency=0.01}
2019-06-14 10:47:50.567 INFO  (coreLoadExecutor-9-thread-1) [   x:techproducts] o.a.s.h.c.SuggestComponent Initializing SuggestComponent
2019-06-14 10:47:50.567 INFO  (coreLoadExecutor-9-thread-1) [   x:techproducts] o.a.s.s.s.SolrSuggester init: {name=mySuggester,lookupImpl=FuzzyLookupFactory,dictionaryImpl=DocumentDictionaryFactory,field=cat,weightField=price,suggestAnalyzerFieldType=string,buildOnStartup=false}
2019-06-14 10:47:50.599 INFO  (coreLoadExecutor-9-thread-1) [   x:techproducts] o.a.s.s.s.SolrSuggester Dictionary loaded with params: {name=mySuggester,lookupImpl=FuzzyLookupFactory,dictionaryImpl=DocumentDictionaryFactory,field=cat,weightField=price,suggestAnalyzerFieldType=string,buildOnStartup=false}
2019-06-14 10:47:50.599 INFO  (coreLoadExecutor-9-thread-1) [   x:techproducts] o.a.s.h.c.QueryElevationComponent Loading QueryElevation from: D:\Sem 7\DataMining\solr-7.7.2\example\techproducts\solr\techproducts\conf\elevate.xml
2019-06-14 10:47:50.646 INFO  (qtp802600647-22) [   x:techproducts] o.a.s.s.HttpSolrCall [admin] webapp=null path=/admin/cores params={core=techproducts&action=STATUS&wt=json} status=0 QTime=0
2019-06-14 10:47:50.646 INFO  (coreLoadExecutor-9-thread-1) [   x:techproducts] o.a.s.h.ReplicationHandler Commits will be reserved for 10000ms.
2019-06-14 10:47:50.708 INFO  (searcherExecutor-10-thread-1-processing-x:techproducts) [   x:techproducts] o.a.s.c.QuerySenderListener QuerySenderListener sending requests to Searcher@1be71610[techproducts] main{ExitableDirectoryReader(UninvertingDirectoryReader(Uninverting(_0(7.7.2):C32:[diagnostics={java.runtime.version=1.8.0_201-b09, java.vendor=Oracle Corporation, java.version=1.8.0_201, java.vm.version=25.201-b09, lucene.version=7.7.2, os=Windows 10, os.arch=amd64, os.version=10.0, source=flush, timestamp=1560318840213}]:[attributes={Lucene50StoredFieldsFormat.mode=BEST_SPEED}])))}
2019-06-14 10:47:50.833 INFO  (searcherExecutor-10-thread-1-processing-x:techproducts) [   x:techproducts] o.a.s.c.S.Request [techproducts]  webapp=null path=null params={q=static+firstSearcher+warming+in+solrconfig.xml&distrib=false&event=firstSearcher} hits=3 status=0 QTime=116
2019-06-14 10:47:50.867 INFO  (searcherExecutor-10-thread-1-processing-x:techproducts) [   x:techproducts] o.a.s.c.QuerySenderListener QuerySenderListener done.
2019-06-14 10:47:50.867 INFO  (searcherExecutor-10-thread-1-processing-x:techproducts) [   x:techproducts] o.a.s.h.c.SpellCheckComponent Loading spell index for spellchecker: default
2019-06-14 10:47:50.867 INFO  (searcherExecutor-10-thread-1-processing-x:techproducts) [   x:techproducts] o.a.s.h.c.SpellCheckComponent Loading spell index for spellchecker: wordbreak
2019-06-14 10:47:50.876 INFO  (searcherExecutor-10-thread-1-processing-x:techproducts) [   x:techproducts] o.a.s.c.SolrCore [techproducts] Registered new searcher Searcher@1be71610[techproducts] main{ExitableDirectoryReader(UninvertingDirectoryReader(Uninverting(_0(7.7.2):C32:[diagnostics={java.runtime.version=1.8.0_201-b09, java.vendor=Oracle Corporation, java.version=1.8.0_201, java.vm.version=25.201-b09, lucene.version=7.7.2, os=Windows 10, os.arch=amd64, os.version=10.0, source=flush, timestamp=1560318840213}]:[attributes={Lucene50StoredFieldsFormat.mode=BEST_SPEED}])))}
2019-06-14 10:47:51.649 INFO  (qtp802600647-18) [   x:techproducts] o.a.s.s.HttpSolrCall [admin] webapp=null path=/admin/cores params={core=techproducts&action=STATUS&wt=json} status=0 QTime=3
2019-06-14 10:48:00.018 INFO  (qtp802600647-19) [   ] o.a.s.s.HttpSolrCall [admin] webapp=null path=/admin/cores params={indexInfo=false&wt=json&_=1560509279821} status=0 QTime=0
2019-06-14 10:48:00.077 INFO  (qtp802600647-19) [   ] o.a.s.s.HttpSolrCall [admin] webapp=null path=/admin/info/system params={wt=json&_=1560509279822} status=0 QTime=56
2019-06-14 10:48:00.078 INFO  (qtp802600647-22) [   ] o.a.s.s.HttpSolrCall [admin] webapp=null path=/admin/info/system params={wt=json&_=1560509279822} status=0 QTime=56
2019-06-14 10:48:03.957 INFO  (qtp802600647-21) [   ] o.a.s.s.HttpSolrCall [admin] webapp=null path=/admin/cores params={indexInfo=false&wt=json&_=1560509279821} status=0 QTime=0
2019-06-14 10:48:04.011 INFO  (qtp802600647-18) [   x:techproducts] o.a.s.c.S.Request [techproducts]  webapp=/solr path=/replication params={wt=json&command=details&_=1560509283942} status=0 QTime=22
2019-06-14 10:48:04.013 INFO  (qtp802600647-21) [   x:techproducts] o.a.s.c.S.Request [techproducts]  webapp=/solr path=/admin/luke params={numTerms=0&show=index&wt=json&_=1560509283942} status=0 QTime=27
2019-06-14 10:48:04.018 INFO  (qtp802600647-19) [   ] o.a.s.s.HttpSolrCall [admin] webapp=null path=/admin/info/system params={wt=json&_=1560509279822} status=0 QTime=45
2019-06-14 10:48:04.026 INFO  (qtp802600647-17) [   x:techproducts] o.a.s.c.S.Request [techproducts]  webapp=/solr path=/admin/ping params={action=status&wt=json&_=1560509279822&ts=1560509279822} status=503 QTime=3
2019-06-14 10:48:04.032 INFO  (qtp802600647-22) [   x:techproducts] o.a.s.c.S.Request [techproducts]  webapp=/solr path=/admin/system params={wt=json&_=1560509283942} status=0 QTime=27
2019-06-14 10:48:16.208 INFO  (qtp802600647-22) [   ] o.a.s.s.HttpSolrCall [admin] webapp=null path=/admin/cores params={indexInfo=false&wt=json&_=1560509279821} status=0 QTime=0
2019-06-14 10:48:16.234 INFO  (qtp802600647-23) [   ] o.a.s.s.HttpSolrCall [admin] webapp=null path=/admin/info/system params={wt=json&_=1560509279822} status=0 QTime=24
2019-06-14 10:48:16.266 INFO  (qtp802600647-14) [   ] o.a.s.s.HttpSolrCall [admin] webapp=null path=/admin/info/system params={wt=json&_=1560509279822} status=0 QTime=26
2019-06-14 10:48:18.520 INFO  (qtp802600647-23) [   ] o.a.s.s.HttpSolrCall [admin] webapp=null path=/admin/cores params={indexInfo=false&wt=json&_=1560509279821} status=0 QTime=0
2019-06-14 10:48:18.531 INFO  (qtp802600647-15) [   x:techproducts] o.a.s.c.S.Request [techproducts]  webapp=/solr path=/admin/luke params={numTerms=0&show=index&wt=json&_=1560509283942} status=0 QTime=0
2019-06-14 10:48:18.543 INFO  (qtp802600647-23) [   x:techproducts] o.a.s.c.S.Request [techproducts]  webapp=/solr path=/replication params={wt=json&command=details&_=1560509283942} status=0 QTime=1
2019-06-14 10:48:18.549 INFO  (qtp802600647-14) [   ] o.a.s.s.HttpSolrCall [admin] webapp=null path=/admin/info/system params={wt=json&_=1560509279822} status=0 QTime=25
2019-06-14 10:48:18.553 INFO  (qtp802600647-23) [   x:techproducts] o.a.s.c.S.Request [techproducts]  webapp=/solr path=/admin/ping params={action=status&wt=json&_=1560509279822&ts=1560509279822} status=503 QTime=0
2019-06-14 10:48:18.576 INFO  (qtp802600647-22) [   x:techproducts] o.a.s.c.S.Request [techproducts]  webapp=/solr path=/admin/system params={wt=json&_=1560509283942} status=0 QTime=23
2019-06-14 10:50:43.915 INFO  (qtp802600647-20) [   ] o.a.s.s.HttpSolrCall [admin] webapp=null path=/admin/cores params={indexInfo=false&wt=json&_=1560509279821} status=0 QTime=0
2019-06-14 10:50:43.969 INFO  (qtp802600647-14) [   ] o.a.s.s.HttpSolrCall [admin] webapp=null path=/admin/info/system params={wt=json&_=1560509279822} status=0 QTime=47
2019-06-14 10:50:43.973 INFO  (qtp802600647-20) [   x:techproducts] o.a.s.c.S.Request [techproducts]  webapp=/solr path=/admin/luke params={show=schema&wt=json&_=1560509283942} status=0 QTime=27
2019-06-14 10:52:58.552 INFO  (qtp802600647-22) [   x:techproducts] o.a.s.u.p.LogUpdateProcessorFactory [techproducts]  webapp=/solr path=/update params={}{add=[9885A004 (1636312891610103808)]} 0 398
2019-06-14 10:52:58.583 INFO  (qtp802600647-18) [   x:techproducts] o.a.s.u.DirectUpdateHandler2 start commit{_version_=1636312891872247808,optimize=false,openSearcher=true,waitSearcher=true,expungeDeletes=false,softCommit=false,prepareCommit=false}
2019-06-14 10:52:58.583 INFO  (qtp802600647-18) [   x:techproducts] o.a.s.u.SolrIndexWriter Calling setCommitData with IW:org.apache.solr.update.SolrIndexWriter@655f3e47 commitCommandVersion:1636312891872247808
2019-06-14 10:52:59.128 INFO  (qtp802600647-18) [   x:techproducts] o.a.s.s.SolrIndexSearcher Opening [Searcher@259120c9[techproducts] main]
2019-06-14 10:52:59.130 INFO  (qtp802600647-18) [   x:techproducts] o.a.s.u.DirectUpdateHandler2 end_commit_flush
2019-06-14 10:52:59.130 INFO  (searcherExecutor-10-thread-1-processing-x:techproducts) [   x:techproducts] o.a.s.c.QuerySenderListener QuerySenderListener sending requests to Searcher@259120c9[techproducts] main{ExitableDirectoryReader(UninvertingDirectoryReader(Uninverting(_0(7.7.2):C32/1:[diagnostics={java.runtime.version=1.8.0_201-b09, java.vendor=Oracle Corporation, java.version=1.8.0_201, java.vm.version=25.201-b09, lucene.version=7.7.2, os=Windows 10, os.arch=amd64, os.version=10.0, source=flush, timestamp=1560318840213}]:[attributes={Lucene50StoredFieldsFormat.mode=BEST_SPEED}]:delGen=1) Uninverting(_1(7.7.2):C1:[diagnostics={os=Windows 10, java.vendor=Oracle Corporation, java.version=1.8.0_201, java.vm.version=25.201-b09, lucene.version=7.7.2, os.arch=amd64, java.runtime.version=1.8.0_201-b09, source=flush, os.version=10.0, timestamp=1560509578708}]:[attributes={Lucene50StoredFieldsFormat.mode=BEST_SPEED}])))}
2019-06-14 10:52:59.131 INFO  (searcherExecutor-10-thread-1-processing-x:techproducts) [   x:techproducts] o.a.s.c.QuerySenderListener QuerySenderListener done.
2019-06-14 10:52:59.139 INFO  (searcherExecutor-10-thread-1-processing-x:techproducts) [   x:techproducts] o.a.s.c.SolrCore [techproducts] Registered new searcher Searcher@259120c9[techproducts] main{ExitableDirectoryReader(UninvertingDirectoryReader(Uninverting(_0(7.7.2):C32/1:[diagnostics={java.runtime.version=1.8.0_201-b09, java.vendor=Oracle Corporation, java.version=1.8.0_201, java.vm.version=25.201-b09, lucene.version=7.7.2, os=Windows 10, os.arch=amd64, os.version=10.0, source=flush, timestamp=1560318840213}]:[attributes={Lucene50StoredFieldsFormat.mode=BEST_SPEED}]:delGen=1) Uninverting(_1(7.7.2):C1:[diagnostics={os=Windows 10, java.vendor=Oracle Corporation, java.version=1.8.0_201, java.vm.version=25.201-b09, lucene.version=7.7.2, os.arch=amd64, java.runtime.version=1.8.0_201-b09, source=flush, os.version=10.0, timestamp=1560509578708}]:[attributes={Lucene50StoredFieldsFormat.mode=BEST_SPEED}])))}
2019-06-14 10:52:59.159 INFO  (qtp802600647-18) [   x:techproducts] o.a.s.u.p.LogUpdateProcessorFactory [techproducts]  webapp=/solr path=/update params={commit=true}{commit=} 0 573
2019-06-14 10:53:06.205 INFO  (qtp802600647-14) [   ] o.a.s.s.HttpSolrCall [admin] webapp=null path=/admin/cores params={indexInfo=false&wt=json&_=1560509279821} status=0 QTime=0
2019-06-14 10:53:06.221 INFO  (qtp802600647-15) [   x:techproducts] o.a.s.c.S.Request [techproducts]  webapp=/solr path=/admin/luke params={numTerms=0&show=index&wt=json&_=1560509283942} status=0 QTime=1
2019-06-14 10:53:06.240 INFO  (qtp802600647-18) [   ] o.a.s.s.HttpSolrCall [admin] webapp=null path=/admin/info/system params={wt=json&_=1560509279822} status=0 QTime=29
2019-06-14 10:53:06.245 INFO  (qtp802600647-14) [   x:techproducts] o.a.s.c.S.Request [techproducts]  webapp=/solr path=/replication params={wt=json&command=details&_=1560509283942} status=0 QTime=2
2019-06-14 10:53:06.263 INFO  (qtp802600647-14) [   x:techproducts] o.a.s.c.S.Request [techproducts]  webapp=/solr path=/admin/ping params={action=status&wt=json&_=1560509279822&ts=1560509279822} status=503 QTime=0
2019-06-14 10:53:06.275 INFO  (qtp802600647-15) [   x:techproducts] o.a.s.c.S.Request [techproducts]  webapp=/solr path=/admin/system params={wt=json&_=1560509283942} status=0 QTime=26
2019-06-14 10:54:08.196 INFO  (qtp802600647-22) [   ] o.a.s.s.HttpSolrCall [admin] webapp=null path=/admin/cores params={indexInfo=false&wt=json&_=1560509279821} status=0 QTime=0
2019-06-14 10:54:08.202 INFO  (qtp802600647-21) [   x:techproducts] o.a.s.c.S.Request [techproducts]  webapp=/solr path=/admin/luke params={show=schema&wt=json&_=1560509283942} status=0 QTime=3
2019-06-14 10:54:08.223 INFO  (qtp802600647-18) [   ] o.a.s.s.HttpSolrCall [admin] webapp=null path=/admin/info/system params={wt=json&_=1560509279822} status=0 QTime=27
2019-06-14 10:54:18.853 INFO  (qtp802600647-18) [   ] o.a.s.s.HttpSolrCall [admin] webapp=null path=/admin/cores params={indexInfo=false&wt=json&_=1560509279821} status=0 QTime=0
2019-06-14 10:54:18.858 INFO  (qtp802600647-20) [   x:techproducts] o.a.s.c.S.Request [techproducts]  webapp=/solr path=/admin/mbeans params={cat=QUERY&wt=json&_=1560509658830} status=0 QTime=1
2019-06-14 10:54:18.882 INFO  (qtp802600647-23) [   ] o.a.s.s.HttpSolrCall [admin] webapp=null path=/admin/info/system params={wt=json&_=1560509279822} status=0 QTime=25
2019-06-14 10:54:18.941 INFO  (qtp802600647-18) [   ] o.a.s.s.HttpSolrCall [admin] webapp=null path=/admin/cores params={indexInfo=false&wt=json&_=1560509279821} status=0 QTime=0
2019-06-14 10:54:18.948 INFO  (qtp802600647-18) [   x:techproducts] o.a.s.c.S.Request [techproducts]  webapp=/solr path=/admin/mbeans params={cat=QUERY&wt=json&_=1560509658830} status=0 QTime=0
2019-06-14 10:54:18.975 INFO  (qtp802600647-19) [   ] o.a.s.s.HttpSolrCall [admin] webapp=null path=/admin/info/system params={wt=json&_=1560509279822} status=0 QTime=29
2019-06-14 10:54:24.786 INFO  (qtp802600647-18) [   ] o.a.s.s.HttpSolrCall [admin] webapp=null path=/admin/cores params={indexInfo=false&wt=json&_=1560509279821} status=0 QTime=0
2019-06-14 10:54:24.797 INFO  (qtp802600647-19) [   x:techproducts] o.a.s.c.S.Request [techproducts]  webapp=/solr path=/admin/luke params={show=schema&wt=json&_=1560509283942} status=0 QTime=2
2019-06-14 10:54:24.818 INFO  (qtp802600647-20) [   ] o.a.s.s.HttpSolrCall [admin] webapp=null path=/admin/info/system params={wt=json&_=1560509279822} status=0 QTime=28
2019-06-14 10:54:28.070 INFO  (qtp802600647-23) [   ] o.a.s.s.HttpSolrCall [admin] webapp=null path=/admin/cores params={indexInfo=false&wt=json&_=1560509279821} status=0 QTime=0
2019-06-14 10:54:28.078 INFO  (qtp802600647-19) [   x:techproducts] o.a.s.c.S.Request [techproducts]  webapp=/solr path=/admin/file params={wt=json&_=1560509668059} status=0 QTime=3
2019-06-14 10:54:28.098 INFO  (qtp802600647-21) [   ] o.a.s.s.HttpSolrCall [admin] webapp=null path=/admin/info/system params={wt=json&_=1560509279822} status=0 QTime=26
2019-06-14 10:54:28.144 INFO  (qtp802600647-21) [   x:techproducts] o.a.s.c.S.Request [techproducts]  webapp=/solr path=/admin/file params={file=clustering&wt=json&_=1560509668059} status=0 QTime=0
2019-06-14 10:54:28.150 INFO  (qtp802600647-18) [   x:techproducts] o.a.s.c.S.Request [techproducts]  webapp=/solr path=/admin/file params={file=lang&wt=json&_=1560509668059} status=0 QTime=5
2019-06-14 10:54:28.173 INFO  (qtp802600647-21) [   x:techproducts] o.a.s.c.S.Request [techproducts]  webapp=/solr path=/admin/file params={file=xslt&wt=json&_=1560509668059} status=0 QTime=18
2019-06-14 10:54:28.179 INFO  (qtp802600647-20) [   x:techproducts] o.a.s.c.S.Request [techproducts]  webapp=/solr path=/admin/file params={file=velocity&wt=json&_=1560509668059} status=0 QTime=27
2019-06-14 10:54:28.200 INFO  (qtp802600647-23) [   x:techproducts] o.a.s.c.S.Request [techproducts]  webapp=/solr path=/admin/file params={file=clustering/carrot2&wt=json&_=1560509668059} status=0 QTime=1
2019-06-14 10:54:34.941 INFO  (qtp802600647-23) [   ] o.a.s.s.HttpSolrCall [admin] webapp=null path=/admin/cores params={indexInfo=false&wt=json&_=1560509279821} status=0 QTime=0
2019-06-14 10:54:34.957 INFO  (qtp802600647-19) [   x:techproducts] o.a.s.c.S.Request [techproducts]  webapp=/solr path=/admin/segments params={wt=json&_=1560509674932} status=0 QTime=11
2019-06-14 10:54:34.976 INFO  (qtp802600647-20) [   ] o.a.s.s.HttpSolrCall [admin] webapp=null path=/admin/info/system params={wt=json&_=1560509279822} status=0 QTime=30
2019-06-14 10:54:36.085 INFO  (qtp802600647-20) [   ] o.a.s.s.HttpSolrCall [admin] webapp=null path=/admin/cores params={indexInfo=false&wt=json&_=1560509279821} status=0 QTime=0
2019-06-14 10:54:36.101 INFO  (qtp802600647-23) [   x:techproducts] o.a.s.c.S.Request [techproducts]  webapp=/solr path=/admin/luke params={show=schema&wt=json&_=1560509283942} status=0 QTime=2
2019-06-14 10:54:36.116 INFO  (qtp802600647-21) [   ] o.a.s.s.HttpSolrCall [admin] webapp=null path=/admin/info/system params={wt=json&_=1560509279822} status=0 QTime=26
2019-06-14 10:54:36.120 INFO  (qtp802600647-23) [   x:techproducts] o.a.s.c.S.Request [techproducts]  webapp=/solr path=/config params={wt=json&_=1560509676055} status=0 QTime=5
2019-06-14 10:54:36.282 INFO  (qtp802600647-19) [   x:techproducts] o.a.s.c.S.Request [techproducts]  webapp=/solr path=/admin/luke params={numTerms=0&wt=json&_=1560509283942} status=0 QTime=12
2019-06-14 10:54:42.535 INFO  (qtp802600647-19) [   ] o.a.s.s.HttpSolrCall [admin] webapp=null path=/admin/cores params={indexInfo=false&wt=json&_=1560509279821} status=0 QTime=1
2019-06-14 10:54:42.546 INFO  (qtp802600647-23) [   x:techproducts] o.a.s.c.S.Request [techproducts]  webapp=/solr path=/replication params={wt=json&command=details&_=1560509283942} status=0 QTime=7
2019-06-14 10:54:42.565 INFO  (qtp802600647-19) [   ] o.a.s.s.HttpSolrCall [admin] webapp=null path=/admin/info/system params={wt=json&_=1560509279822} status=0 QTime=25
2019-06-14 10:54:52.933 INFO  (qtp802600647-19) [   ] o.a.s.s.HttpSolrCall [admin] webapp=null path=/admin/cores params={indexInfo=false&wt=json&_=1560509279821} status=0 QTime=0
2019-06-14 10:54:52.936 INFO  (qtp802600647-23) [   x:techproducts] o.a.s.c.S.Request [techproducts]  webapp=/solr path=/admin/luke params={show=schema&wt=json&_=1560509283942} status=0 QTime=1
2019-06-14 10:54:52.960 INFO  (qtp802600647-18) [   ] o.a.s.s.HttpSolrCall [admin] webapp=null path=/admin/info/system params={wt=json&_=1560509279822} status=0 QTime=25
2019-06-14 10:55:42.746 INFO  (qtp802600647-19) [   x:techproducts] o.a.s.c.S.Request [techproducts]  webapp=/solr path=/select params={q=sd500&wt=json} hits=1 status=0 QTime=4
2019-06-14 10:57:05.236 INFO  (qtp802600647-19) [   x:techproducts] o.a.s.c.S.Request [techproducts]  webapp=/solr path=/select params={q=sd500&wt=xml} hits=1 status=0 QTime=0
2019-06-14 11:03:02.103 INFO  (qtp802600647-14) [   x:techproducts] o.a.s.c.S.Request [techproducts]  webapp=/solr path=/select params={q=cannpn&wt=xml} hits=0 status=0 QTime=1
2019-06-14 11:03:09.022 INFO  (qtp802600647-38) [   x:techproducts] o.a.s.c.S.Request [techproducts]  webapp=/solr path=/select params={q=cannon&wt=xml} hits=0 status=0 QTime=1
2019-06-14 11:04:45.355 INFO  (qtp802600647-20) [   x:techproducts] o.a.s.c.S.Request [techproducts]  webapp=/solr path=/select params={q=inStock:false&fl=id,name&wt=json} hits=4 status=0 QTime=96
2019-06-14 12:25:43.211 INFO  (qtp802600647-22) [   x:techproducts] o.a.s.c.S.Request [techproducts]  webapp=/solr path=/config params={wt=json&_=1560509676055} status=0 QTime=28
2019-06-14 12:25:43.212 INFO  (qtp802600647-15) [   x:techproducts] o.a.s.c.S.Request [techproducts]  webapp=/solr path=/admin/luke params={show=schema&wt=json&_=1560509283942} status=0 QTime=29
2019-06-14 12:25:43.212 INFO  (qtp802600647-14) [   ] o.a.s.s.HttpSolrCall [admin] webapp=null path=/admin/cores params={indexInfo=false&wt=json&_=1560509279821} status=0 QTime=30
2019-06-14 12:25:43.238 INFO  (qtp802600647-20) [   ] o.a.s.s.HttpSolrCall [admin] webapp=null path=/admin/info/system params={wt=json&_=1560509279822} status=0 QTime=53
2019-06-14 12:25:43.378 INFO  (qtp802600647-23) [   x:techproducts] o.a.s.c.S.Request [techproducts]  webapp=/solr path=/admin/luke params={numTerms=0&wt=json&_=1560509283942} status=0 QTime=13
2019-06-14 12:25:49.814 INFO  (qtp802600647-20) [   ] o.a.s.s.HttpSolrCall [admin] webapp=null path=/admin/cores params={indexInfo=false&wt=json&_=1560509279821} status=0 QTime=0
2019-06-14 12:25:49.839 INFO  (qtp802600647-38) [   ] o.a.s.s.HttpSolrCall [admin] webapp=null path=/admin/info/system params={wt=json&_=1560509279822} status=0 QTime=21
2019-06-14 12:25:49.864 INFO  (qtp802600647-20) [   x:techproducts] o.a.s.c.S.Request [techproducts]  webapp=/solr path=/config params={wt=json&_=1560509676055} status=0 QTime=1
2019-06-14 12:25:49.869 INFO  (qtp802600647-23) [   x:techproducts] o.a.s.c.S.Request [techproducts]  webapp=/solr path=/admin/luke params={show=schema&wt=json&_=1560509283942} status=0 QTime=4
2019-06-14 12:25:49.917 INFO  (qtp802600647-15) [   x:techproducts] o.a.s.c.S.Request [techproducts]  webapp=/solr path=/admin/luke params={numTerms=0&wt=json&_=1560509283942} status=0 QTime=4
2019-06-14 12:26:49.506 INFO  (qtp802600647-23) [   ] o.a.s.s.HttpSolrCall [admin] webapp=null path=/admin/cores params={indexInfo=false&wt=json&_=1560509279821} status=0 QTime=0
2019-06-14 12:26:49.512 INFO  (qtp802600647-15) [   x:techproducts] o.a.s.c.S.Request [techproducts]  webapp=/solr path=/replication params={wt=json&command=details&_=1560509283942} status=0 QTime=3
2019-06-14 12:26:49.533 INFO  (qtp802600647-21) [   ] o.a.s.s.HttpSolrCall [admin] webapp=null path=/admin/info/system params={wt=json&_=1560509279822} status=0 QTime=24
2019-06-14 12:26:56.323 INFO  (qtp802600647-23) [   ] o.a.s.s.HttpSolrCall [admin] webapp=null path=/admin/cores params={indexInfo=false&wt=json&_=1560509279821} status=0 QTime=0
2019-06-14 12:26:56.343 INFO  (qtp802600647-18) [   x:techproducts] o.a.s.c.S.Request [techproducts]  webapp=/solr path=/admin/segments params={wt=json&_=1560509674932} status=0 QTime=18
2019-06-14 12:26:56.351 INFO  (qtp802600647-20) [   ] o.a.s.s.HttpSolrCall [admin] webapp=null path=/admin/info/system params={wt=json&_=1560509279822} status=0 QTime=28
2019-06-14 12:26:57.807 INFO  (qtp802600647-20) [   ] o.a.s.s.HttpSolrCall [admin] webapp=null path=/admin/cores params={indexInfo=false&wt=json&_=1560509279821} status=0 QTime=0
2019-06-14 12:26:57.830 INFO  (qtp802600647-19) [   ] o.a.s.s.HttpSolrCall [admin] webapp=null path=/admin/info/system params={wt=json&_=1560509279822} status=0 QTime=22
2019-06-14 12:26:58.671 INFO  (qtp802600647-18) [   ] o.a.s.s.HttpSolrCall [admin] webapp=null path=/admin/cores params={indexInfo=false&wt=json&_=1560509279821} status=0 QTime=0
2019-06-14 12:26:58.700 INFO  (qtp802600647-19) [   ] o.a.s.s.HttpSolrCall [admin] webapp=null path=/admin/info/system params={wt=json&_=1560509279822} status=0 QTime=25
2019-06-14 12:26:58.767 INFO  (qtp802600647-38) [   x:techproducts] o.a.s.c.S.Request [techproducts]  webapp=/solr path=/admin/mbeans params={stats=true&wt=json&_=1560509658830} status=0 QTime=91
2019-06-14 12:27:12.937 INFO  (qtp802600647-22) [   ] o.a.s.s.HttpSolrCall [admin] webapp=null path=/admin/cores params={indexInfo=false&wt=json&_=1560509279821} status=0 QTime=0
2019-06-14 12:27:12.959 INFO  (qtp802600647-22) [   x:techproducts] o.a.s.c.S.Request [techproducts]  webapp=/solr path=/admin/file params={wt=json&_=1560509668059} status=0 QTime=2
2019-06-14 12:27:12.971 INFO  (qtp802600647-38) [   ] o.a.s.s.HttpSolrCall [admin] webapp=null path=/admin/info/system params={wt=json&_=1560509279822} status=0 QTime=30
2019-06-14 12:27:13.008 INFO  (qtp802600647-19) [   x:techproducts] o.a.s.c.S.Request [techproducts]  webapp=/solr path=/admin/file params={file=clustering&wt=json&_=1560509668059} status=0 QTime=0
2019-06-14 12:27:13.017 INFO  (qtp802600647-18) [   x:techproducts] o.a.s.c.S.Request [techproducts]  webapp=/solr path=/admin/file params={file=lang&wt=json&_=1560509668059} status=0 QTime=6
2019-06-14 12:27:13.022 INFO  (qtp802600647-19) [   x:techproducts] o.a.s.c.S.Request [techproducts]  webapp=/solr path=/admin/file params={file=xslt&wt=json&_=1560509668059} status=0 QTime=1
2019-06-14 12:27:13.025 INFO  (qtp802600647-38) [   x:techproducts] o.a.s.c.S.Request [techproducts]  webapp=/solr path=/admin/file params={file=velocity&wt=json&_=1560509668059} status=0 QTime=5
2019-06-14 12:27:13.073 INFO  (qtp802600647-38) [   x:techproducts] o.a.s.c.S.Request [techproducts]  webapp=/solr path=/admin/file params={file=clustering/carrot2&wt=json&_=1560509668059} status=0 QTime=1
2019-06-14 12:27:13.956 INFO  (qtp802600647-22) [   x:techproducts] o.a.s.c.S.Request [techproducts]  webapp=/solr path=/admin/ping params={wt=json&_=1560509279822&ts=1560509279822} hits=32 status=0 QTime=4
2019-06-14 12:27:13.956 INFO  (qtp802600647-22) [   x:techproducts] o.a.s.c.S.Request [techproducts]  webapp=/solr path=/admin/ping params={wt=json&_=1560509279822&ts=1560509279822} status=0 QTime=5
2019-06-14 12:27:15.581 INFO  (qtp802600647-38) [   ] o.a.s.s.HttpSolrCall [admin] webapp=null path=/admin/cores params={indexInfo=false&wt=json&_=1560509279821} status=0 QTime=0
2019-06-14 12:27:15.588 INFO  (qtp802600647-38) [   x:techproducts] o.a.s.c.S.Request [techproducts]  webapp=/solr path=/admin/luke params={show=schema&wt=json&_=1560509283942} status=0 QTime=2
2019-06-14 12:27:15.612 INFO  (qtp802600647-18) [   ] o.a.s.s.HttpSolrCall [admin] webapp=null path=/admin/info/system params={wt=json&_=1560509279822} status=0 QTime=26
2019-06-14 12:27:17.200 INFO  (qtp802600647-19) [   ] o.a.s.s.HttpSolrCall [admin] webapp=null path=/admin/cores params={indexInfo=false&wt=json&_=1560509279821} status=0 QTime=0
2019-06-14 12:27:17.203 INFO  (qtp802600647-18) [   x:techproducts] o.a.s.c.S.Request [techproducts]  webapp=/solr path=/admin/mbeans params={cat=QUERY&wt=json&_=1560509658830} status=0 QTime=0
2019-06-14 12:27:17.231 INFO  (qtp802600647-22) [   ] o.a.s.s.HttpSolrCall [admin] webapp=null path=/admin/info/system params={wt=json&_=1560509279822} status=0 QTime=28
2019-06-14 12:27:17.273 INFO  (qtp802600647-38) [   ] o.a.s.s.HttpSolrCall [admin] webapp=null path=/admin/cores params={indexInfo=false&wt=json&_=1560509279821} status=0 QTime=0
2019-06-14 12:27:17.287 INFO  (qtp802600647-22) [   x:techproducts] o.a.s.c.S.Request [techproducts]  webapp=/solr path=/admin/mbeans params={cat=QUERY&wt=json&_=1560509658830} status=0 QTime=0
2019-06-14 12:27:17.308 INFO  (qtp802600647-19) [   ] o.a.s.s.HttpSolrCall [admin] webapp=null path=/admin/info/system params={wt=json&_=1560509279822} status=0 QTime=29
2019-06-14 12:27:30.651 INFO  (qtp802600647-19) [   ] o.a.s.s.HttpSolrCall [admin] webapp=null path=/admin/cores params={indexInfo=false&wt=json&_=1560509279821} status=0 QTime=0
2019-06-14 12:27:30.659 INFO  (qtp802600647-22) [   x:techproducts] o.a.s.c.S.Request [techproducts]  webapp=/solr path=/admin/luke params={show=schema&wt=json&_=1560509283942} status=0 QTime=2
2019-06-14 12:27:30.681 INFO  (qtp802600647-38) [   ] o.a.s.s.HttpSolrCall [admin] webapp=null path=/admin/info/system params={wt=json&_=1560509279822} status=0 QTime=27
2019-06-14 12:42:36.941 INFO  (ShutdownMonitor) [   ] o.e.j.s.AbstractConnector Stopped ServerConnector@6b9ce1bf{HTTP/1.1,[http/1.1]}{0.0.0.0:8983}
2019-06-14 12:42:36.957 INFO  (ShutdownMonitor) [   ] o.e.j.s.session node0 Stopped scavenging
2019-06-14 12:42:36.957 INFO  (ShutdownMonitor) [   ] o.a.s.c.CoreContainer Shutting down CoreContainer instance=1176164144
2019-06-14 12:42:36.957 INFO  (coreCloseExecutor-15-thread-1) [   x:techproducts] o.a.s.c.SolrCore [techproducts]  CLOSING SolrCore org.apache.solr.core.SolrCore@243c01b7
2019-06-14 12:42:36.957 INFO  (coreCloseExecutor-15-thread-1) [   x:techproducts] o.a.s.m.SolrMetricManager Closing metric reporters for registry=solr.core.techproducts, tag=243c01b7
2019-06-14 12:42:36.957 INFO  (coreCloseExecutor-15-thread-1) [   x:techproducts] o.a.s.m.r.SolrJmxReporter Closing reporter [org.apache.solr.metrics.reporters.SolrJmxReporter@1c303028: rootName = null, domain = solr.core.techproducts, service url = null, agent id = null] for registry solr.core.techproducts / com.codahale.metrics.MetricRegistry@5aa9d371
2019-06-14 12:42:37.004 INFO  (ShutdownMonitor) [   ] o.a.s.m.SolrMetricManager Closing metric reporters for registry=solr.node, tag=null
2019-06-14 12:42:37.004 INFO  (ShutdownMonitor) [   ] o.a.s.m.r.SolrJmxReporter Closing reporter [org.apache.solr.metrics.reporters.SolrJmxReporter@25e2ab5a: rootName = null, domain = solr.node, service url = null, agent id = null] for registry solr.node / com.codahale.metrics.MetricRegistry@6cc59b9a
2019-06-14 12:42:37.004 INFO  (ShutdownMonitor) [   ] o.a.s.m.SolrMetricManager Closing metric reporters for registry=solr.jvm, tag=null
2019-06-14 12:42:37.004 INFO  (ShutdownMonitor) [   ] o.a.s.m.r.SolrJmxReporter Closing reporter [org.apache.solr.metrics.reporters.SolrJmxReporter@68044f4: rootName = null, domain = solr.jvm, service url = null, agent id = null] for registry solr.jvm / com.codahale.metrics.MetricRegistry@42bbeb56
2019-06-14 12:42:37.019 INFO  (ShutdownMonitor) [   ] o.a.s.m.SolrMetricManager Closing metric reporters for registry=solr.jetty, tag=null
2019-06-14 12:42:37.019 INFO  (ShutdownMonitor) [   ] o.a.s.m.r.SolrJmxReporter Closing reporter [org.apache.solr.metrics.reporters.SolrJmxReporter@52d239ba: rootName = null, domain = solr.jetty, service url = null, agent id = null] for registry solr.jetty / com.codahale.metrics.MetricRegistry@1f0bc2c0
2019-06-14 12:42:37.198 INFO  (ShutdownMonitor) [   ] o.e.j.s.h.ContextHandler Stopped o.e.j.w.WebAppContext@71e9ddb4{/solr,null,UNAVAILABLE}{D:\Sem 7\DataMining\solr-7.7.2\server/solr-webapp/webapp}
